Log file open, 09/13/18 20:08:29
LogWindows: Failed to load 'aqProf.dll' (GetLastError=126)
LogWindows: File 'aqProf.dll' does not exist
LogWindows: Failed to load 'VtuneApi.dll' (GetLastError=126)
LogWindows: File 'VtuneApi.dll' does not exist
LogWindows: Failed to load 'VtuneApi32e.dll' (GetLastError=126)
LogWindows: File 'VtuneApi32e.dll' does not exist
LogInit: Display: Running engine for game: Puti
LogPlatformFile: Not using cached read wrapper
LogTaskGraph: Started task graph with 5 named threads and 23 total threads with 3 sets of task threads.
LogStats: Stats thread started at 0.454096
LogD3D11RHI: Loaded GFSDK_Aftermath_Lib.x64.dll
LogICUInternationalization: Display: ICU TimeZone Detection - Raw Offset: +9:00, Platform Override: ''
LogPluginManager: Mounting plugin Paper2D
LogPluginManager: Mounting plugin AISupport
LogPluginManager: Mounting plugin LightPropagationVolume
LogPluginManager: Mounting plugin CLionSourceCodeAccess
LogPluginManager: Mounting plugin CodeLiteSourceCodeAccess
LogPluginManager: Mounting plugin GitSourceControl
LogPluginManager: Mounting plugin KDevelopSourceCodeAccess
LogPluginManager: Mounting plugin NullSourceCodeAccess
LogPluginManager: Mounting plugin PerforceSourceControl
LogPluginManager: Mounting plugin SubversionSourceControl
LogPluginManager: Mounting plugin UObjectPlugin
LogPluginManager: Mounting plugin VisualStudioCodeSourceCodeAccess
LogPluginManager: Mounting plugin VisualStudioSourceCodeAccess
LogPluginManager: Mounting plugin XCodeSourceCodeAccess
LogPluginManager: Mounting plugin AssetManagerEditor
LogPluginManager: Mounting plugin CryptoKeys
LogPluginManager: Mounting plugin DataValidation
LogPluginManager: Mounting plugin FacialAnimation
LogPluginManager: Mounting plugin GameplayTagsEditor
LogPluginManager: Mounting plugin MacGraphicsSwitching
LogPluginManager: Mounting plugin MeshEditor
LogPluginManager: Mounting plugin MobileLauncherProfileWizard
LogPluginManager: Mounting plugin PluginBrowser
LogPluginManager: Mounting plugin SpeedTreeImporter
LogPluginManager: Mounting plugin DatasmithContent
LogPluginManager: Mounting plugin AlembicImporter
LogPluginManager: Mounting plugin AppleImageUtils
LogPluginManager: Mounting plugin AppleVision
LogPluginManager: Mounting plugin BackChannel
LogPluginManager: Mounting plugin CharacterAI
LogPluginManager: Mounting plugin GeometryCache
LogPluginManager: Mounting plugin HTML5Networking
LogPluginManager: Mounting plugin ProxyLODPlugin
LogPluginManager: Mounting plugin MagicLeap
LogPluginManager: Mounting plugin MagicLeapEmulator
LogPluginManager: Mounting plugin MagicLeapMedia
LogPluginManager: Mounting plugin AndroidMedia
LogPluginManager: Mounting plugin AvfMedia
LogPluginManager: Mounting plugin ImgMedia
LogPluginManager: Mounting plugin LinearTimecode
LogPluginManager: Mounting plugin MediaCompositing
LogPluginManager: Mounting plugin MediaPlayerEditor
LogPluginManager: Mounting plugin WmfMedia
LogPluginManager: Mounting plugin TcpMessaging
LogPluginManager: Mounting plugin UdpMessaging
LogPluginManager: Mounting plugin ActorSequence
LogPluginManager: Mounting plugin LevelSequenceEditor
LogPluginManager: Mounting plugin MatineeToLevelSequence
LogPluginManager: Mounting plugin NetcodeUnitTest
LogPluginManager: Mounting plugin NUTUnrealEngine4
LogPluginManager: Mounting plugin OnlineSubsystemGooglePlay
LogPluginManager: Mounting plugin OnlineSubsystemIOS
LogPluginManager: Mounting plugin OnlineSubsystem
LogPluginManager: Mounting plugin OnlineSubsystemNull
LogPluginManager: Mounting plugin OnlineSubsystemUtils
LogPluginManager: Mounting plugin LauncherChunkInstaller
LogPluginManager: Mounting plugin AndroidDeviceProfileSelector
LogPluginManager: Mounting plugin AndroidMoviePlayer
LogPluginManager: Mounting plugin AndroidPermission
LogPluginManager: Mounting plugin AppleMoviePlayer
LogPluginManager: Mounting plugin ArchVisCharacter
LogPluginManager: Mounting plugin AudioCapture
LogPluginManager: Mounting plugin CableComponent
LogPluginManager: Mounting plugin CustomMeshComponent
LogPluginManager: Mounting plugin EditableMesh
LogPluginManager: Mounting plugin ExampleDeviceProfileSelector
LogPluginManager: Mounting plugin GoogleCloudMessaging
LogPluginManager: Mounting plugin ImmediatePhysics
LogPluginManager: Mounting plugin IOSDeviceProfileSelector
LogPluginManager: Mounting plugin LinuxDeviceProfileSelector
LogPluginManager: Mounting plugin LocationServicesBPLibrary
LogPluginManager: Mounting plugin MobilePatchingUtils
LogPluginManager: Mounting plugin OculusVR
LogPluginManager: Plugin shader directory ../../../Engine/Plugins/Runtime/Oculus/OculusVR/Shaders found
LogPluginManager: Mapping shader source directory ../../../Engine/Plugins/Runtime/Oculus/OculusVR/Shaders to virtual directory /Plugin/OculusVR
LogPluginManager: Mounting plugin PhysXVehicles
LogPluginManager: Mounting plugin ProceduralMeshComponent
LogPluginManager: Mounting plugin RuntimePhysXCooking
LogPluginManager: Mounting plugin SteamVR
LogPluginManager: Mounting plugin WindowsMoviePlayer
LogStreaming: Display: Took  0.162s to configure plugins.
LogInit: Using libcurl 7.55.1-DEV
LogInit:  - built for x86_64-pc-win32
LogInit:  - supports SSL with OpenSSL/1.0.2h
LogInit:  - supports HTTP deflate (compression) using libz 1.2.8
LogInit:  - other features:
LogInit:      CURL_VERSION_SSL
LogInit:      CURL_VERSION_LIBZ
LogInit:      CURL_VERSION_IPV6
LogInit:      CURL_VERSION_ASYNCHDNS
LogInit:      CURL_VERSION_LARGEFILE
LogInit:      CURL_VERSION_IDN
LogInit:  CurlRequestOptions (configurable via config and command line):
LogInit:  - bVerifyPeer = false  - Libcurl will NOT verify peer certificate
LogInit:  - bUseHttpProxy = false  - Libcurl will NOT use HTTP proxy
LogInit:  - bDontReuseConnections = false  - Libcurl will reuse connections
LogInit:  - CertBundlePath = nullptr  - Libcurl will use whatever was configured at build time.
LogInit:  - MaxHostConnections = 16  - Libcurl will limit the number of connections to a host
LogInit:  - LocalHostAddr = Default
LogInit:  - BufferSize = 65536
LogInit: WinSock: version 1.1 (2.2), MaxSocks=32767, MaxUdp=65467
LogInit: Build: ++UE4+Release-4.20-CL-4233996
LogInit: Engine Version: 4.20.1-4233996+++UE4+Release-4.20
LogInit: Compatible Engine Version: 4.20.0-4212847+++UE4+Release-4.20
LogInit: Net CL: 4212847
LogInit: OS: Windows 10 (), CPU: Intel(R) Core(TM) i7-7700HQ CPU @ 2.80GHz, GPU: Intel(R) HD Graphics 630
LogInit: Compiled (64-bit): Jul 26 2018 10:07:30
LogInit: Compiled with Visual C++: 19.13.26129.00
LogInit: Build Configuration: Development
LogInit: Branch Name: ++UE4+Release-4.20
LogInit: Command Line:  
LogInit: Base Directory: C:/Program Files/Epic Games/UE_4.20/Engine/Binaries/Win64/
LogInit: Installed Engine Build: 1
LogDevObjectVersion: Number of dev versions registered: 20
LogDevObjectVersion:   Dev-Blueprints (B0D832E4-1F89-4F0D-ACCF-7EB736FD4AA2): 10
LogDevObjectVersion:   Dev-Build (E1C64328-A22C-4D53-A36C-8E866417BD8C): 0
LogDevObjectVersion:   Dev-Core (375EC13C-06E4-48FB-B500-84F0262A717E): 2
LogDevObjectVersion:   Dev-Editor (E4B068ED-F494-42E9-A231-DA0B2E46BB41): 24
LogDevObjectVersion:   Dev-Framework (CFFC743F-43B0-4480-9391-14DF171D2073): 34
LogDevObjectVersion:   Dev-Mobile (B02B49B5-BB20-44E9-A304-32B752E40360): 2
LogDevObjectVersion:   Dev-Networking (A4E4105C-59A1-49B5-A7C5-40C4547EDFEE): 0
LogDevObjectVersion:   Dev-Online (39C831C9-5AE6-47DC-9A44-9C173E1C8E7C): 0
LogDevObjectVersion:   Dev-Physics (78F01B33-EBEA-4F98-B9B4-84EACCB95AA2): 0
LogDevObjectVersion:   Dev-Platform (6631380F-2D4D-43E0-8009-CF276956A95A): 0
LogDevObjectVersion:   Dev-Rendering (12F88B9F-8875-4AFC-A67C-D90C383ABD29): 26
LogDevObjectVersion:   Dev-Sequencer (7B5AE74C-D270-4C10-A958-57980B212A5A): 9
LogDevObjectVersion:   Dev-VR (D7296918-1DD6-4BDD-9DE2-64A83CC13884): 2
LogDevObjectVersion:   Dev-LoadTimes (C2A15278-BFE7-4AFE-6C17-90FF531DF755): 1
LogDevObjectVersion:   Private-Geometry (6EACA3D4-40EC-4CC1-B786-8BED09428FC5): 3
LogDevObjectVersion:   Dev-AnimPhys (29E575DD-E0A3-4627-9D10-D276232CDCEA): 17
LogDevObjectVersion:   Dev-ReflectionCapture (6B266CEC-1EC7-4B8F-A30B-E4D90942FC07): 1
LogDevObjectVersion:   Dev-Automation (0DF73D61-A23F-47EA-B727-89E90C41499A): 1
LogDevObjectVersion:   FortniteMain (601D1886-AC64-4F84-AA16-D3DE0DEAC7D6): 12
LogDevObjectVersion:   Dev-Enterprise (9DFFBCD6-494F-0158-E221-12823C92A888): 1
LogStreaming: Display: Took  0.000s to delete old logs.
LogInit: Presizing for max 8388607 objects, including 0 objects not considered by GC, pre-allocating 0 bytes for permanent pool.
LogInit: Object subsystem initialized
[2018.09.13-11.08.31:155][  0]LogInit: Selected Device Profile: [Windows]
[2018.09.13-11.08.31:155][  0]LogInit: Applying CVar settings loaded from the selected device profile: [Windows]
[2018.09.13-11.08.31:180][  0]LogHAL: Display: Platform has ~ 8 GB [8473620480 / 8589934592 / 8], which maps to Default [LargestMinGB=32, LargerMinGB=12, DefaultMinGB=8, SmallerMinGB=6, SmallestMinGB=0)
[2018.09.13-11.08.31:180][  0]LogInit: Setting Device Profile CVar: [[r.Vulkan.UseRealUBs:1]]
[2018.09.13-11.08.31:180][  0]LogInit: Going up to parent DeviceProfile []
[2018.09.13-11.08.31:185][  0]LogInit: Computer: MYCOMPUTER
[2018.09.13-11.08.31:185][  0]LogInit: User: newpo
[2018.09.13-11.08.31:185][  0]LogInit: CPU Page size=4096, Cores=4
[2018.09.13-11.08.31:185][  0]LogInit: High frequency timer resolution =2.742190 MHz
[2018.09.13-11.08.31:186][  0]LogMemory: Memory total: Physical=7.9GB (8GB approx)
[2018.09.13-11.08.31:186][  0]LogMemory: Platform Memory Stats for Windows
[2018.09.13-11.08.31:186][  0]LogMemory: Process Physical Memory: 100.01 MB used, 100.01 MB peak
[2018.09.13-11.08.31:186][  0]LogMemory: Process Virtual Memory: 91.01 MB used, 91.01 MB peak
[2018.09.13-11.08.31:186][  0]LogMemory: Physical Memory: 6253.52 MB used,  1827.55 MB free, 8081.07 MB total
[2018.09.13-11.08.31:186][  0]LogMemory: Virtual Memory: 547.59 MB used,  1827.55 MB free, 134217728.00 MB total
[2018.09.13-11.08.33:121][  0]LogInit: Using OS detected language (ja-JP).
[2018.09.13-11.08.33:121][  0]LogInit: Using OS detected locale (ja-JP).
[2018.09.13-11.08.33:124][  0]LogTextLocalizationManager: No specific localization for 'ja-JP' exists, so the 'ja' localization will be used.
[2018.09.13-11.08.33:504][  0]LogStreaming: Display: Took  0.383s to InitEngineTextLocalization.
[2018.09.13-11.08.33:504][  0]LogInit: Setting process to per monitor DPI aware
[2018.09.13-11.08.33:718][  0]LogSlate: New Slate User Created.  User Index 0, Is Virtual User: 0
[2018.09.13-11.08.33:718][  0]LogSlate: Slate User Registered.  User Index 0, Is Virtual User: 0
[2018.09.13-11.08.36:310][  0]LogHMD: Failed to initialize OpenVR with code 110
[2018.09.13-11.08.36:310][  0]LogD3D11RHI: D3D11 adapters:
[2018.09.13-11.08.36:764][  0]LogD3D11RHI:    0. 'NVIDIA GeForce GTX 1050 Ti' (Feature Level 11_0)
[2018.09.13-11.08.36:764][  0]LogD3D11RHI:       4050/0/4040 MB DedicatedVideo/DedicatedSystem/SharedSystem, Outputs:1, VendorId:0x10de
[2018.09.13-11.08.36:779][  0]LogD3D11RHI:    1. 'Intel(R) HD Graphics 630' (Feature Level 11_0)
[2018.09.13-11.08.36:779][  0]LogD3D11RHI:       128/0/4040 MB DedicatedVideo/DedicatedSystem/SharedSystem, Outputs:0, VendorId:0x8086
[2018.09.13-11.08.36:781][  0]LogD3D11RHI:    2. 'Microsoft Basic Render Driver' (Feature Level 11_0)
[2018.09.13-11.08.36:781][  0]LogD3D11RHI:       0/0/4040 MB DedicatedVideo/DedicatedSystem/SharedSystem, Outputs:0, VendorId:0x1414
[2018.09.13-11.08.36:781][  0]LogD3D11RHI: Chosen D3D11 Adapter: 0
[2018.09.13-11.08.36:797][  0]LogD3D11RHI: Creating new Direct3DDevice
[2018.09.13-11.08.36:797][  0]LogD3D11RHI:     GPU DeviceId: 0x1c8c (for the marketing name, search the web for "GPU Device Id")
[2018.09.13-11.08.36:797][  0]LogWindows: EnumDisplayDevices:
[2018.09.13-11.08.36:797][  0]LogWindows:    0. 'Intel(R) HD Graphics 630' (P:1 D:1)
[2018.09.13-11.08.36:797][  0]LogWindows:    1. 'Intel(R) HD Graphics 630' (P:0 D:0)
[2018.09.13-11.08.36:797][  0]LogWindows:    2. 'Intel(R) HD Graphics 630' (P:0 D:0)
[2018.09.13-11.08.36:797][  0]LogWindows:    3. 'NVIDIA GeForce GTX 1050 Ti' (P:0 D:0)
[2018.09.13-11.08.36:798][  0]LogWindows:    4. 'NVIDIA GeForce GTX 1050 Ti' (P:0 D:0)
[2018.09.13-11.08.36:798][  0]LogWindows:    5. 'NVIDIA GeForce GTX 1050 Ti' (P:0 D:0)
[2018.09.13-11.08.36:798][  0]LogWindows:    6. 'NVIDIA GeForce GTX 1050 Ti' (P:0 D:0)
[2018.09.13-11.08.36:798][  0]LogWindows: DebugString: PrimaryIsNotTheChoosenAdapter PrimaryIsNotTheChoosenAdapter PrimaryIsNotTheChoosenAdapter FoundDriverCount:4 
[2018.09.13-11.08.36:798][  0]LogD3D11RHI:     Adapter Name: NVIDIA GeForce GTX 1050 Ti
[2018.09.13-11.08.36:798][  0]LogD3D11RHI:   Driver Version: 382.05 (internal:22.21.13.8205, unified:382.05)
[2018.09.13-11.08.36:798][  0]LogD3D11RHI:      Driver Date: 5-1-2017
[2018.09.13-11.08.36:798][  0]LogRHI: Texture pool is 2835 MB (70% of 4050 MB)
[2018.09.13-11.08.36:824][  0]LogD3D11RHI: Async texture creation enabled
[2018.09.13-11.08.36:838][  0]LogD3D11RHI: GPU Timing Frequency: 1000.000000 (Debug: 2 1)
[2018.09.13-11.08.36:841][  0]LogShaderCompilers: Guid format shader working directory is 20 characters bigger than the processId version (../../../../../../Puticon/Intermediate/Shaders/WorkingDirectory/64132/).
[2018.09.13-11.08.36:841][  0]LogShaderCompilers: Cleaned the shader compiler working directory 'C:/Users/newpo/AppData/Local/Temp/UnrealShaderWorkingDir/A09EDCB341FAD55B8AAD53ABE7DF8343/'.
[2018.09.13-11.08.37:538][  0]LogTemp: Display: Loaded TP AllDesktopTargetPlatform
[2018.09.13-11.08.37:579][  0]LogTemp: Display: Loaded TP MacClientTargetPlatform
[2018.09.13-11.08.37:619][  0]LogTemp: Display: Loaded TP MacNoEditorTargetPlatform
[2018.09.13-11.08.37:661][  0]LogTemp: Display: Loaded TP MacServerTargetPlatform
[2018.09.13-11.08.37:721][  0]LogTemp: Display: Loaded TP MacTargetPlatform
[2018.09.13-11.08.37:762][  0]LogTemp: Display: Loaded TP WindowsClientTargetPlatform
[2018.09.13-11.08.37:805][  0]LogTemp: Display: Loaded TP WindowsNoEditorTargetPlatform
[2018.09.13-11.08.37:848][  0]LogTemp: Display: Loaded TP WindowsServerTargetPlatform
[2018.09.13-11.08.37:884][  0]LogTemp: Display: Loaded TP WindowsTargetPlatform
[2018.09.13-11.08.38:003][  0]LogTemp: Display: Loaded TP AndroidTargetPlatform
[2018.09.13-11.08.38:003][  0]LogTemp: Display: Loaded TP AndroidTargetPlatform
[2018.09.13-11.08.38:003][  0]LogTemp: Display: Loaded TP AndroidTargetPlatform
[2018.09.13-11.08.38:003][  0]LogTemp: Display: Loaded TP AndroidTargetPlatform
[2018.09.13-11.08.38:003][  0]LogTemp: Display: Loaded TP AndroidTargetPlatform
[2018.09.13-11.08.38:003][  0]LogTemp: Display: Loaded TP AndroidTargetPlatform
[2018.09.13-11.08.38:003][  0]LogTemp: Display: Loaded TP AndroidTargetPlatform
[2018.09.13-11.08.38:003][  0]LogTemp: Display: Loaded TP AndroidTargetPlatform
[2018.09.13-11.08.38:003][  0]LogTemp: Display: Loaded TP AndroidTargetPlatform
[2018.09.13-11.08.38:003][  0]LogTemp: Display: Loaded TP AndroidTargetPlatform
[2018.09.13-11.08.38:003][  0]LogTemp: Display: Loaded TP AndroidTargetPlatform
[2018.09.13-11.08.38:003][  0]LogTemp: Display: Loaded TP AndroidTargetPlatform
[2018.09.13-11.08.38:003][  0]LogTemp: Display: Loaded TP AndroidTargetPlatform
[2018.09.13-11.08.38:003][  0]LogTemp: Display: Loaded TP AndroidTargetPlatform
[2018.09.13-11.08.38:003][  0]LogTemp: Display: Loaded TP AndroidTargetPlatform
[2018.09.13-11.08.38:003][  0]LogTemp: Display: Loaded TP AndroidTargetPlatform
[2018.09.13-11.08.38:003][  0]LogTemp: Display: Loaded TP AndroidTargetPlatform
[2018.09.13-11.08.38:003][  0]LogTemp: Display: Loaded TP AndroidTargetPlatform
[2018.09.13-11.08.38:031][  0]LogTemp: Display: Loaded TP HTML5TargetPlatform
[2018.09.13-11.08.38:187][  0]LogTemp: Display: Loaded TP IOSTargetPlatform
[2018.09.13-11.08.38:187][  0]LogTemp: Display: Loaded TP IOSTargetPlatform
[2018.09.13-11.08.38:238][  0]LogTemp: Display: Loaded TP TVOSTargetPlatform
[2018.09.13-11.08.38:239][  0]LogTemp: Display: Loaded TP TVOSTargetPlatform
[2018.09.13-11.08.38:293][  0]LogTemp: Display: Loaded TP LinuxClientTargetPlatform
[2018.09.13-11.08.38:335][  0]LogTemp: Display: Loaded TP LinuxNoEditorTargetPlatform
[2018.09.13-11.08.38:375][  0]LogTemp: Display: Loaded TP LinuxServerTargetPlatform
[2018.09.13-11.08.38:425][  0]LogTemp: Display: Loaded TP LinuxTargetPlatform
[2018.09.13-11.08.38:463][  0]LogTemp: Display: Loaded TP LuminTargetPlatform
[2018.09.13-11.08.38:463][  0]LogTargetPlatformManager: Display: Building Assets For Windows
[2018.09.13-11.08.41:005][  0]LogXGEController: Cleaning working directory: C:/Users/newpo/AppData/Local/Temp/UnrealXGEWorkingDir/
[2018.09.13-11.08.41:005][  0]LogXGEController: Cannot use XGE Controller as Incredibuild is not installed on this machine.
[2018.09.13-11.08.41:005][  0]LogShaderCompilers: Cannot use XGE Shader Compiler as Incredibuild is not installed on this machine.
[2018.09.13-11.08.41:005][  0]LogShaderCompilers: Display: Using Local Shader Compiler.
[2018.09.13-11.08.43:206][  0]LogDerivedDataCache: Display: Max Cache Size: 512 MB
[2018.09.13-11.08.43:532][  0]LogDerivedDataCache: Loaded boot cache 0.32s 71MB C:/Users/newpo/AppData/Local/UnrealEngine/4.20/DerivedDataCache/Boot.ddc.
[2018.09.13-11.08.43:532][  0]LogDerivedDataCache: Display: Loaded Boot cache: C:/Users/newpo/AppData/Local/UnrealEngine/4.20/DerivedDataCache/Boot.ddc
[2018.09.13-11.08.43:533][  0]LogDerivedDataCache: FDerivedDataBackendGraph:  Pak pak cache file ../../../../../../Puticon/DerivedDataCache/DDC.ddp not found, will not use a pak cache.
[2018.09.13-11.08.43:533][  0]LogDerivedDataCache: Unable to find inner node Pak for hierarchical cache Hierarchy.
[2018.09.13-11.08.43:533][  0]LogDerivedDataCache: FDerivedDataBackendGraph:  CompressedPak pak cache file ../../../../../../Puticon/DerivedDataCache/Compressed.ddp not found, will not use a pak cache.
[2018.09.13-11.08.43:533][  0]LogDerivedDataCache: Unable to find inner node CompressedPak for hierarchical cache Hierarchy.
[2018.09.13-11.08.43:559][  0]LogDerivedDataCache: Display: Pak cache opened for reading ../../../Engine/DerivedDataCache/Compressed.ddp.
[2018.09.13-11.08.43:573][  0]LogDerivedDataCache: Using Local data cache path C:/Users/newpo/AppData/Local/UnrealEngine/Common/DerivedDataCache: Writable
[2018.09.13-11.08.43:573][  0]LogDerivedDataCache: Shared data cache path not found in *engine.ini, will not use an Shared cache.
[2018.09.13-11.08.43:573][  0]LogDerivedDataCache: Unable to find inner node Shared for hierarchical cache Hierarchy.
[2018.09.13-11.08.43:592][  0]LogMaterial: Verifying Global Shaders for PCD3D_SM5
[2018.09.13-11.08.43:593][  0]LogSlate: Using FreeType 2.6.0
[2018.09.13-11.08.43:609][  0]LogSlate: SlateFontServices - WITH_FREETYPE: 1, WITH_HARFBUZZ: 1
[2018.09.13-11.08.43:954][  0]LogAssetRegistry: FAssetRegistry took 0.0294 seconds to start up
[2018.09.13-11.08.44:339][  0]LogInit: Selected Device Profile: [Windows]
[2018.09.13-11.08.45:491][  0]LogSimplygon: Simplygon DLL not present - disabling.
[2018.09.13-11.08.45:614][  0]LogMeshReduction: Using SimplygonSwarm for distributed automatic mesh merging
[2018.09.13-11.08.45:614][  0]LogMeshReduction: Using ProxyLODMeshReduction for automatic mesh merging
[2018.09.13-11.08.45:614][  0]LogMeshReduction: Using QuadricMeshReduction for automatic static mesh reduction
[2018.09.13-11.08.45:614][  0]LogMeshReduction: No automatic skeletal mesh reduction module available
[2018.09.13-11.08.45:665][  0]LogNetVersion: Puti 1.0.0, NetCL: 4212847, EngineNetVer: 5, GameNetVer: 0 (Checksum: 2802601270)
[2018.09.13-11.08.46:808][  0]LogPackageLocalizationCache: Processed 11 localized package path(s) for 2 prioritized culture(s) in 0.178447 seconds
[2018.09.13-11.08.46:816][  0]LogUObjectArray: 38425 objects as part of root set at end of initial load.
[2018.09.13-11.08.46:816][  0]LogUObjectAllocator: 6690872 out of 0 bytes used by permanent object pool.
[2018.09.13-11.08.46:816][  0]LogUObjectArray: CloseDisregardForGC: 0/0 objects in disregard for GC pool
[2018.09.13-11.08.52:288][  0]LogTcpMessaging: Initializing TcpMessaging bridge
[2018.09.13-11.08.52:340][  0]LogUdpMessaging: Initializing bridge on interface 0.0.0.0:0 to multicast group 230.0.0.1:6666.
[2018.09.13-11.08.52:341][  0]FUdpSocketBuilder: Failed to subscribe UdpMessageMulticastSocket to multicast group 230.0.0.1
[2018.09.13-11.08.52:341][  0]FUdpSocketBuilder: Failed to create and initialize socket UdpMessageMulticastSocket (last error: 0)
[2018.09.13-11.08.52:341][  0]LogUdpMessaging: Warning: StartTransport failed to create multicast socket on 0.0.0.0:0, joined to 230.0.0.1:6666 with TTL 1
[2018.09.13-11.08.53:180][  0]SourceControl: ソースコントロールは無効です
[2018.09.13-11.08.53:180][  0]SourceControl: ソースコントロールは無効です
[2018.09.13-11.08.53:264][  0]SourceControl: ソースコントロールは無効です
[2018.09.13-11.08.53:307][  0]SourceControl: ソースコントロールは無効です
[2018.09.13-11.08.55:095][  0]LogAndroidPermission: UAndroidPermissionCallbackProxy::GetInstance
[2018.09.13-11.08.55:372][  0]LogOcInput: OculusInput pre-init called
[2018.09.13-11.08.55:617][  0]LogEngine: Initializing Engine...
[2018.09.13-11.08.55:618][  0]LogHMD: Failed to initialize OpenVR with code 110
[2018.09.13-11.08.55:621][  0]LogStats: UGameplayTagsManager::ConstructGameplayTagTree: ImportINI prefixes -  0.000 s
[2018.09.13-11.08.55:621][  0]LogStats: UGameplayTagsManager::ConstructGameplayTagTree: Construct from data asset -  0.000 s
[2018.09.13-11.08.55:621][  0]LogStats: UGameplayTagsManager::ConstructGameplayTagTree: ImportINI -  0.000 s
[2018.09.13-11.08.55:621][  0]LogStats: UGameplayTagsManager::ConstructGameplayTagTree: GameplayTagTreeChangedEvent.Broadcast -  0.000 s
[2018.09.13-11.08.55:866][  0]LogInit: Initializing FReadOnlyCVARCache
[2018.09.13-11.08.55:927][  0]LogAIModule: Creating AISystem for world Untitled
[2018.09.13-11.08.55:956][  0]LogInit: XAudio2 using 'スピーカー (Realtek High Definition Audio)' : 2 channels at 48 kHz using 32 bits per sample (channel mask 0x3)
[2018.09.13-11.08.56:057][  0]LogInit: FAudioDevice initialized.
[2018.09.13-11.08.56:057][  0]LogNetVersion: Set ProjectVersion to 1.0.0.0. Version Checksum will be recalculated on next use.
[2018.09.13-11.08.56:138][  0]LogDerivedDataCache: Saved boot cache 0.08s 71MB C:/Users/newpo/AppData/Local/UnrealEngine/4.20/DerivedDataCache/Boot.ddc.
[2018.09.13-11.08.56:149][  0]LogInit: Texture streaming: Enabled
[2018.09.13-11.08.56:303][  0]LogEngineSessionManager: EngineSessionManager initialized
[2018.09.13-11.08.56:361][  0]LogInit: Transaction tracking system initialized
[2018.09.13-11.08.56:563][  0]BlueprintLog: New page: エディタの読み込み
[2018.09.13-11.08.57:608][  0]LocalizationService: ローカライズのサービスが無効になりました
[2018.09.13-11.08.58:682][  0]LogCook: Display: Max memory allowance for cook 16384mb min free memory 0mb
[2018.09.13-11.08.58:683][  0]LogCook: Display: Mobile HDR setting 1
[2018.09.13-11.08.58:684][  0]LogGameplayTags: Display: UGameplayTagsManager::DoneAddingNativeTags. DelegateIsBound: 0
[2018.09.13-11.08.58:684][  0]LogStats: UGameplayTagsManager::ConstructGameplayTagTree: ImportINI prefixes -  0.000 s
[2018.09.13-11.08.58:684][  0]LogStats: UGameplayTagsManager::ConstructGameplayTagTree: Construct from data asset -  0.000 s
[2018.09.13-11.08.58:685][  0]LogStats: UGameplayTagsManager::ConstructGameplayTagTree: ImportINI -  0.000 s
[2018.09.13-11.08.58:685][  0]LogStats: UGameplayTagsManager::ConstructGameplayTagTree: GameplayTagTreeChangedEvent.Broadcast -  0.000 s
[2018.09.13-11.08.59:447][  0]LogFileCache: Scanning file cache for directory 'C:/Puticon/Content/' took 0.02s
[2018.09.13-11.09.00:410][  0]SourceControl: ソースコントロールは無効です
[2018.09.13-11.09.00:411][  0]Cmd: MAP LOAD FILE="../../../../../../Puticon/Content/Main/Maps/TitleMap.umap" TEMPLATE=0 SHOWPROGRESS=1 FEATURELEVEL=3
[2018.09.13-11.09.00:415][  0]LightingResults: New page: ライティングのビルド
[2018.09.13-11.09.00:430][  0]MapCheck: New page: マップをチェック
[2018.09.13-11.09.00:430][  0]LightingResults: New page: <何も選択されていません>
[2018.09.13-11.09.00:870][  0]LogAIModule: Creating AISystem for world TitleMap
[2018.09.13-11.09.00:903][  0]LogStreaming: Display: ULevelStreaming::RequestLevel(/Game/Main/Maps/MainGame) is flushing async loading
[2018.09.13-11.09.00:903][  0]LogStreaming: Display: Flushing async loaders.
[2018.09.13-11.09.03:219][  0]LogMaterial: Display: Missing cached shader map for material Material_001, compiling. 
[2018.09.13-11.09.04:119][  0]LogShaderCompilers: Display: Shaders left to compile 22
[2018.09.13-11.09.04:119][  0]LogShaderCompilers: Display: Shaders left to compile 12
[2018.09.13-11.09.04:119][  0]LogShaderCompilers: Display: Shaders left to compile 2
[2018.09.13-11.09.04:119][  0]LogStreaming: Display: ULevelStreaming::RequestLevel(/Game/Main/Maps/ResultMap) is flushing async loading
[2018.09.13-11.09.04:170][  0]LogEditorServer: Finished looking for orphan Actors (0.001 secs)
[2018.09.13-11.09.04:225][  0]Cmd: MAP CHECKDEP NOCLEARLOG
[2018.09.13-11.09.04:461][  0]MapCheck: マップチェックが完了: 0 エラー、 0 警告、完了に 235.04ミリ秒かかりました。
[2018.09.13-11.09.04:463][  0]LogFileHelpers: Loading map 'TitleMap' took 4.053
[2018.09.13-11.09.04:855][  0]LogSlate: Updating window title bar state: overlay mode, drag disabled, window buttons hidden, title bar hidden
[2018.09.13-11.09.04:875][  0]LogSlate: Updating window title bar state: overlay mode, drag disabled, window buttons hidden, title bar hidden
[2018.09.13-11.09.04:887][  0]LogSlate: Updating window title bar state: overlay mode, drag disabled, window buttons hidden, title bar hidden
[2018.09.13-11.09.04:901][  0]LogSlate: Updating window title bar state: overlay mode, drag disabled, window buttons hidden, title bar hidden
[2018.09.13-11.09.04:993][  0]LogCollectionManager: Loaded 0 collections in 0.002953 seconds
[2018.09.13-11.09.05:093][  0]LogFileCache: Scanning file cache for directory 'C:/Puticon/Saved/Collections/' took 0.01s
[2018.09.13-11.09.05:093][  0]LogFileCache: Scanning file cache for directory 'C:/Puticon/Content/Developers/newpo/Collections/' took 0.01s
[2018.09.13-11.09.05:093][  0]LogFileCache: Scanning file cache for directory 'C:/Puticon/Content/Collections/' took 0.01s
[2018.09.13-11.09.05:093][  0]LogCollectionManager: Rebuilt the GUID cache for 0 collections in 0.000000 seconds
[2018.09.13-11.09.05:105][  0]LogContentBrowser: Native class hierarchy populated in 0.0112 seconds. Added 2572 classes and 603 folders.
[2018.09.13-11.09.05:116][  0]LogContentBrowser: Native class hierarchy updated for 'WidgetCarousel' in 0.0003 seconds. Added 0 classes and 0 folders.
[2018.09.13-11.09.05:674][  0]LogContentBrowser: Native class hierarchy updated for 'AddContentDialog' in 0.0004 seconds. Added 0 classes and 0 folders.
[2018.09.13-11.09.05:731][  0]LogContentBrowser: Native class hierarchy updated for 'SceneOutliner' in 0.0003 seconds. Added 1 classes and 2 folders.
[2018.09.13-11.09.05:963][  0]LogSlate: Took 0.010314 seconds to synchronously load lazily loaded font '../../../Engine/Content/Slate/Fonts/Roboto-Regular.ttf' (155K)
[2018.09.13-11.09.05:979][  0]LogSlate: Took 0.011729 seconds to synchronously load lazily loaded font '../../../Engine/Content/Editor/Slate/Fonts/GenEiGothicPro-Regular.otf' (707K)
[2018.09.13-11.09.05:991][  0]LogSlate: Took 0.011266 seconds to synchronously load lazily loaded font '../../../Engine/Content/Editor/Slate/Fonts/GenEiGothicPro-Bold.otf' (698K)
[2018.09.13-11.09.05:997][  0]LogSlate: Took 0.006190 seconds to synchronously load lazily loaded font '../../../Engine/Content/Slate/Fonts/Roboto-Bold.ttf' (160K)
[2018.09.13-11.09.06:011][  0]LogSlate: Took 0.007538 seconds to synchronously load lazily loaded font '../../../Engine/Content/Editor/Slate/Fonts/FontAwesome.ttf' (139K)
[2018.09.13-11.09.06:219][  0]LogRenderer: Reallocating scene render targets to support 804x340 Format 10 NumSamples 1 (Frame:1).
[2018.09.13-11.09.06:675][  0]LogContentBrowser: Native class hierarchy updated for 'HierarchicalLODOutliner' in 0.0003 seconds. Added 0 classes and 0 folders.
[2018.09.13-11.09.06:675][  0]LogLoad: (Engine Initialization) Total time: 42.54 seconds
[2018.09.13-11.09.06:675][  0]LogLoad: (Engine Initialization) Total Blueprint compile time: 0.00 seconds
[2018.09.13-11.09.06:951][  0]LogContentStreaming: Texture pool size now 3000 MB
[2018.09.13-11.09.07:018][  0]LogSlate: Took 0.008463 seconds to synchronously load lazily loaded font '../../../Engine/Content/Slate/Fonts/Roboto-Light.ttf' (167K)
[2018.09.13-11.09.07:213][  2]LogAssetRegistry: Asset discovery search completed in 23.2815 seconds
[2018.09.13-11.09.07:217][  2]LogCollectionManager: Rebuilt the object cache for 0 collections in 0.000000 seconds (found 0 objects)
[2018.09.13-11.09.07:217][  2]LogCollectionManager: Fixed up redirectors for 0 collections in 0.000137 seconds (updated 0 objects)
[2018.09.13-11.12.10:328][581]LogSlate: FSceneViewport::OnFocusLost() reason 0
[2018.09.13-11.12.10:474][587]LogRenderer: Reallocating scene render targets to support 804x360 Format 10 NumSamples 1 (Frame:10563).
[2018.09.13-11.13.07:687][528]LogSlate: Took 0.000175 seconds to synchronously load lazily loaded font '../../../Engine/Content/Slate/Fonts/Roboto-Light.ttf' (167K)
[2018.09.13-11.13.07:701][528]LogSlate: Took 0.013397 seconds to synchronously load lazily loaded font '../../../Engine/Content/Editor/Slate/Fonts/GenEiGothicPro-Light.otf' (713K)
[2018.09.13-11.13.07:712][528]LogAssetEditorManager: Opening Asset editor for World /Game/Main/Maps/MainGame.MainGame
[2018.09.13-11.13.07:743][528]Cmd: MAP LOAD FILE="../../../../../../Puticon/Content/Main/Maps/MainGame.umap" TEMPLATE=0 SHOWPROGRESS=1 FEATURELEVEL=3
[2018.09.13-11.13.07:743][528]LightingResults: New page: ライティングのビルド
[2018.09.13-11.13.07:744][528]LoadErrors: New page: マップをロード中: MainGame.umap
[2018.09.13-11.13.07:747][528]MapCheck: New page: マップをチェック
[2018.09.13-11.13.07:747][528]LightingResults: New page: <何も選択されていません>
[2018.09.13-11.13.07:780][528]LogAIModule: Creating AISystem for world MainGame
[2018.09.13-11.13.07:947][528]LogEditorServer: Finished looking for orphan Actors (0.000 secs)
[2018.09.13-11.13.07:992][528]Cmd: MAP CHECKDEP NOCLEARLOG
[2018.09.13-11.13.08:158][528]MapCheck: マップチェックが完了: 0 エラー、 0 警告、完了に 165.517ミリ秒かかりました。
[2018.09.13-11.13.08:159][528]LogFileHelpers: Loading map 'MainGame' took 0.421
[2018.09.13-11.26.35:008][782]LogFactory: FactoryCreateFile: StaticMesh with FbxFactory (0 0 ../../../../../../Users/newpo/Desktop/F_Food_001_Bread/F_Food_001_Bread.FBX)
[2018.09.13-11.26.35:078][782]LogFbx: Loading FBX Scene from ../../../../../../Users/newpo/Desktop/F_Food_001_Bread/F_Food_001_Bread.FBX
[2018.09.13-11.26.35:101][782]LogFbx: FBX Scene Loaded Succesfully
[2018.09.13-11.26.51:743][782]LogSlate: Window 'FBXインポートオプション' being destroyed
[2018.09.13-11.26.52:198][782]LogLinker: ファイル '/Game/Main/Object/dekoboko-exported01' が見つかりません
[2018.09.13-11.26.52:199][782]LogLinker: ファイル '/Game/Main/Object/dekoboko-exported01' が見つかりません
[2018.09.13-11.26.52:199][782]LogFbxMaterialImport: Warning: Unable to find Texture file C:\Users\kunitake2015\Desktop\データ変換\パン13点\dekobokopan\dekoboko-exported01.jpg
[2018.09.13-11.26.52:207][782]LogMaterial: Display: Missing cached shader map for material _dekoboko-exportedMaterial_0, compiling. 
[2018.09.13-11.26.52:454][782]LogShaderCompilers: Display: Shaders left to compile 22
[2018.09.13-11.26.52:454][782]LogShaderCompilers: Display: Shaders left to compile 12
[2018.09.13-11.26.52:454][782]LogShaderCompilers: Display: Shaders left to compile 2
[2018.09.13-11.26.52:543][782]LogStaticMesh: スタティックメッシュ F_Food_001_Bread をビルド中...
[2018.09.13-11.26.52:866][782]LogStaticMesh: Built static mesh [0.32s] /Game/Main/Object/F_Food_001_Bread.F_Food_001_Bread
[2018.09.13-11.26.56:106][948]LogActorFactory: Actor Factory created F_Food_001_Bread
[2018.09.13-11.26.58:237][ 72]LogSlate: FSceneViewport::OnFocusLost() reason 2
[2018.09.13-11.26.59:169][124]LogFileHelpers: Editor autosave (incl. sublevels) for '/Game/Main/Maps/MainGame' took 0.030
[2018.09.13-11.26.59:174][124]OBJ SavePackage: Generating thumbnails for [1] asset(s) in package [/Game/Main/Object/_dekoboko-exportedMaterial_0] ([1] browsable assets)...
[2018.09.13-11.26.59:187][124]OBJ SavePackage:     Rendered thumbnail for [Material /Game/Main/Object/_dekoboko-exportedMaterial_0._dekoboko-exportedMaterial_0]
[2018.09.13-11.26.59:187][124]OBJ SavePackage: Finished generating thumbnails for package [/Game/Main/Object/_dekoboko-exportedMaterial_0]
[2018.09.13-11.26.59:221][124]LogSavePackage: Moving '../../../../../../Puticon/Saved/_dekoboko-exportedMaterial_0_Aut48829E2A47E7A599404A4C9FB030FEA0.tmp' to '../../../../../../Puticon/Saved/Autosaves/Game/Main/Object/_dekoboko-exportedMaterial_0_Auto1.uasset'
[2018.09.13-11.26.59:223][124]OBJ SavePackage: Generating thumbnails for [1] asset(s) in package [/Game/Main/Object/F_Food_001_Bread] ([1] browsable assets)...
[2018.09.13-11.26.59:234][124]OBJ SavePackage:     Rendered thumbnail for [StaticMesh /Game/Main/Object/F_Food_001_Bread.F_Food_001_Bread]
[2018.09.13-11.26.59:234][124]OBJ SavePackage: Finished generating thumbnails for package [/Game/Main/Object/F_Food_001_Bread]
[2018.09.13-11.26.59:234][124]Cmd: OBJ SAVEPACKAGE PACKAGE="/Game/Main/Object/F_Food_001_Bread" FILE="../../../../../../Puticon/Saved/Autosaves/Game/Main/Object/F_Food_001_Bread_Auto1.uasset" SILENT=false AUTOSAVING=true
[2018.09.13-11.26.59:253][124]LogSavePackage: Moving '../../../../../../Puticon/Saved/F_Food_001_Bread_Auto1F083226A4442A193C1DA1EA050DD689E.tmp' to '../../../../../../Puticon/Saved/Autosaves/Game/Main/Object/F_Food_001_Bread_Auto1.uasset'
[2018.09.13-11.26.59:254][124]LogFileHelpers: Auto-saving content packages took 0.084
[2018.09.13-11.26.59:970][167]LogSlate: FSceneViewport::OnFocusLost() reason 0
[2018.09.13-11.27.00:166][178]LogAssetEditorManager: Opening Asset editor for StaticMesh /Game/Main/Object/F_Food_001_Bread.F_Food_001_Bread
[2018.09.13-11.27.15:768][ 49]LogSlate: FSceneViewport::OnFocusLost() reason 0
[2018.09.13-11.27.15:871][ 55]LogSlate: Window 'F_Food_001_Bread*' being destroyed
[2018.09.13-11.27.15:879][ 55]LogSlate: Window 'F_Food_001_Bread*' being destroyed
[2018.09.13-11.27.16:844][101]LogSlate: FSceneViewport::OnFocusLost() reason 0
[2018.09.13-11.27.33:173][880]LogSlate: Window 'Delete Assets' being destroyed
[2018.09.13-11.27.44:740][212]LogFactory: FactoryCreateFile: StaticMesh with FbxFactory (0 0 ../../../../../../Users/newpo/Desktop/F_Food_001_Bread/F_Food_001_Bread.FBX)
[2018.09.13-11.27.44:757][212]LogFbx: Loading FBX Scene from ../../../../../../Users/newpo/Desktop/F_Food_001_Bread/F_Food_001_Bread.FBX
[2018.09.13-11.27.44:773][212]LogFbx: FBX Scene Loaded Succesfully
[2018.09.13-11.28.17:507][212]LogSlate: Window 'FBXインポートオプション' being destroyed
[2018.09.13-11.28.17:541][212]LogFbxMaterialImport: Warning: Unable to find Texture file C:\Users\kunitake2015\Desktop\データ変換\パン13点\dekobokopan\dekoboko-exported01.jpg
[2018.09.13-11.28.17:545][212]LogMaterial: Display: Missing cached shader map for material _dekoboko-exportedMaterial_0, compiling. 
[2018.09.13-11.28.17:771][212]LogShaderCompilers: Display: Shaders left to compile 22
[2018.09.13-11.28.17:772][212]LogShaderCompilers: Display: Shaders left to compile 12
[2018.09.13-11.28.17:772][212]LogShaderCompilers: Display: Shaders left to compile 2
[2018.09.13-11.28.17:864][212]LogStaticMesh: スタティックメッシュ F_Food_001_Bread をビルド中...
[2018.09.13-11.28.18:237][212]LogStaticMesh: Built static mesh [0.37s] /Game/Main/Object/F_Food_001_Bread.F_Food_001_Bread
[2018.09.13-11.29.32:521][793]LogSlate: Window 'Delete Assets' being destroyed
[2018.09.13-11.29.38:044][880]LogFactory: FactoryCreateFile: StaticMesh with FbxFactory (0 0 ../../../../../../Users/newpo/Desktop/F_Food_001_Bread/F_Food_001_Bread.obj)
[2018.09.13-11.29.38:060][880]LogFbx: Loading FBX Scene from ../../../../../../Users/newpo/Desktop/F_Food_001_Bread/F_Food_001_Bread.obj
[2018.09.13-11.29.38:195][880]LogFbx: FBX Scene Loaded Succesfully
[2018.09.13-11.29.53:997][880]LogSlate: Window 'FBXインポートオプション' being destroyed
[2018.09.13-11.29.54:024][880]LogMaterial: Display: Missing cached shader map for material defaultMat, compiling. 
[2018.09.13-11.29.54:246][880]LogShaderCompilers: Display: Shaders left to compile 22
[2018.09.13-11.29.54:246][880]LogShaderCompilers: Display: Shaders left to compile 12
[2018.09.13-11.29.54:246][880]LogShaderCompilers: Display: Shaders left to compile 2
[2018.09.13-11.29.54:346][880]LogStaticMesh: スタティックメッシュ F_Food_001_Bread をビルド中...
[2018.09.13-11.29.54:780][880]LogStaticMesh: Built static mesh [0.44s] /Game/Main/Object/F_Food_001_Bread.F_Food_001_Bread
[2018.09.13-11.30.18:018][254]LogAssetEditorManager: Opening Asset editor for Material /Game/Main/Object/defaultMat.defaultMat
[2018.09.13-11.30.18:026][254]LogMaterial: Display: Missing cached shader map for material defaultMat, compiling. 
[2018.09.13-11.30.18:187][254]LogMaterial: Display: Missing cached shader map for material defaultMat, compiling. 
[2018.09.13-11.30.18:205][254]LogShaderCompilers: Display: Shaders left to compile 21
[2018.09.13-11.30.18:205][254]LogShaderCompilers: Display: Shaders left to compile 20
[2018.09.13-11.30.18:205][254]LogShaderCompilers: Display: Shaders left to compile 19
[2018.09.13-11.30.18:205][254]LogShaderCompilers: Display: Shaders left to compile 18
[2018.09.13-11.30.18:231][254]LogMaterial: Display: Missing cached shader map for material FMatExpressionPreview MaterialExpressionVectorParameter_0, compiling. 
[2018.09.13-11.30.18:290][254]LogSlate: Took 0.019599 seconds to synchronously load lazily loaded font '../../../Engine/Content/Editor/Slate/Fonts/GenEiGothicPro-SemiBold.otf' (703K)
[2018.09.13-11.30.18:301][254]LogSlate: Took 0.010701 seconds to synchronously load lazily loaded font '../../../Engine/Content/Slate/Fonts/Roboto-BoldCondensed.ttf' (158K)
[2018.09.13-11.30.18:510][255]LogSlate: Took 0.007406 seconds to synchronously load lazily loaded font '../../../Engine/Content/Slate/Fonts/Roboto-Italic.ttf' (157K)
[2018.09.13-11.30.18:847][263]LogShaderCompilers: Display: Shaders left to compile 19
[2018.09.13-11.30.18:929][267]LogShaderCompilers: Display: Shaders left to compile 18
[2018.09.13-11.30.18:947][268]LogShaderCompilers: Display: Shaders left to compile 17
[2018.09.13-11.30.18:947][268]LogShaderCompilers: Display: Shaders left to compile 16
[2018.09.13-11.30.19:135][278]LogShaderCompilers: Display: Shaders left to compile 15
[2018.09.13-11.30.19:197][281]LogShaderCompilers: Display: Shaders left to compile 14
[2018.09.13-11.30.19:248][284]LogShaderCompilers: Display: Shaders left to compile 13
[2018.09.13-11.30.19:265][285]LogShaderCompilers: Display: Shaders left to compile 12
[2018.09.13-11.30.19:463][296]LogShaderCompilers: Display: Shaders left to compile 11
[2018.09.13-11.30.19:750][310]LogShaderCompilers: Display: Shaders left to compile 10
[2018.09.13-11.30.20:053][326]LogShaderCompilers: Display: Shaders left to compile 9
[2018.09.13-11.30.20:134][330]LogShaderCompilers: Display: Shaders left to compile 8
[2018.09.13-11.30.20:331][340]LogShaderCompilers: Display: Shaders left to compile 7
[2018.09.13-11.30.20:507][349]LogShaderCompilers: Display: Shaders left to compile 6
[2018.09.13-11.30.20:583][353]LogShaderCompilers: Display: Shaders left to compile 5
[2018.09.13-11.30.20:964][372]LogShaderCompilers: Display: Shaders left to compile 4
[2018.09.13-11.30.21:003][374]LogShaderCompilers: Display: Shaders left to compile 3
[2018.09.13-11.30.21:334][391]LogShaderCompilers: Display: Shaders left to compile 2
[2018.09.13-11.30.21:353][392]LogShaderCompilers: Display: Shaders left to compile 1
[2018.09.13-11.30.21:666][409]MaterialEditorStats: Base pass shader: 101 instructions
[2018.09.13-11.30.21:666][409]MaterialEditorStats: Base pass shader with Volumetric Lightmap: 174 instructions
[2018.09.13-11.30.21:666][409]MaterialEditorStats: Base pass vertex shader: 32 instructions
[2018.09.13-11.30.21:666][409]MaterialEditorStats: Texture samplers: 3/16
[2018.09.13-11.30.22:765][475]LogSlate: Window 'defaultMat*' being destroyed
[2018.09.13-11.30.24:159][545]LogAssetEditorManager: Opening Asset editor for StaticMesh /Game/Main/Object/F_Food_001_Bread.F_Food_001_Bread
[2018.09.13-11.30.27:434][716]LogSlate: Window 'F_Food_001_Bread*' being destroyed
[2018.09.13-11.30.47:608][ 29]AssetReimport: New page: 未処理のソースコンテンツ変更 5:30:47
[2018.09.13-11.30.47:612][ 29]LogFactory: FactoryCreateFile: Texture with ReimportTextureFactory (0 0 C:/Puticon/Content/Main/Object/F_Food_001_Bread.jpg)
[2018.09.13-11.30.48:168][ 30]Cmd: OBJ SAVEPACKAGE PACKAGE="/Game/Main/Object/F_Food_001_Bread" FILE="../../../../../../Puticon/Content/Main/Object/F_Food_001_Bread.uasset" SILENT=true
[2018.09.13-11.30.48:347][ 30]LogSavePackage: Moving '../../../../../../Puticon/Saved/F_Food_001_BreadC0FDC34B46A81456115EF29211D7AF94.tmp' to '../../../../../../Puticon/Content/Main/Object/F_Food_001_Bread.uasset'
[2018.09.13-11.30.51:369][199]AssetReimport: 新規アセット/Game/Main/Object/F_Food_001_Breadをインポート。
[2018.09.13-11.30.52:107][243]LogAssetEditorManager: Opening Asset editor for Material /Game/Main/Object/defaultMat.defaultMat
[2018.09.13-11.30.52:113][243]LogMaterial: Display: Missing cached shader map for material defaultMat, compiling. 
[2018.09.13-11.30.52:180][243]LogMaterial: Display: Missing cached shader map for material defaultMat, compiling. 
[2018.09.13-11.30.52:192][243]LogMaterial: Display: Missing cached shader map for material defaultMat, compiling. 
[2018.09.13-11.30.52:209][243]LogShaderCompilers: Display: Shaders left to compile 21
[2018.09.13-11.30.52:209][243]LogShaderCompilers: Display: Shaders left to compile 20
[2018.09.13-11.30.52:209][243]LogShaderCompilers: Display: Shaders left to compile 19
[2018.09.13-11.30.52:210][243]LogShaderCompilers: Display: Shaders left to compile 18
[2018.09.13-11.30.52:235][243]LogMaterial: Display: Missing cached shader map for material FMatExpressionPreview MaterialExpressionVectorParameter_0, compiling. 
[2018.09.13-11.30.52:953][271]LogShaderCompilers: Display: Shaders left to compile 19
[2018.09.13-11.30.53:023][273]LogShaderCompilers: Display: Shaders left to compile 18
[2018.09.13-11.30.53:051][274]LogShaderCompilers: Display: Shaders left to compile 17
[2018.09.13-11.30.53:051][274]LogShaderCompilers: Display: Shaders left to compile 16
[2018.09.13-11.30.53:246][284]LogShaderCompilers: Display: Shaders left to compile 15
[2018.09.13-11.30.53:323][288]LogShaderCompilers: Display: Shaders left to compile 14
[2018.09.13-11.30.53:344][289]LogShaderCompilers: Display: Shaders left to compile 13
[2018.09.13-11.30.53:442][294]LogShaderCompilers: Display: Shaders left to compile 12
[2018.09.13-11.30.53:494][297]LogShaderCompilers: Display: Shaders left to compile 11
[2018.09.13-11.30.53:976][300]LogShaderCompilers: Display: Shaders left to compile 10
[2018.09.13-11.30.53:976][300]LogShaderCompilers: Display: Shaders left to compile 9
[2018.09.13-11.30.53:976][300]LogShaderCompilers: Display: Shaders left to compile 8
[2018.09.13-11.30.53:976][300]LogShaderCompilers: Display: Shaders left to compile 7
[2018.09.13-11.30.54:117][302]LogShaderCompilers: Display: Shaders left to compile 6
[2018.09.13-11.30.54:346][311]LogShaderCompilers: Display: Shaders left to compile 5
[2018.09.13-11.30.54:571][322]LogShaderCompilers: Display: Shaders left to compile 4
[2018.09.13-11.30.54:636][325]LogShaderCompilers: Display: Shaders left to compile 3
[2018.09.13-11.30.54:832][334]LogShaderCompilers: Display: Shaders left to compile 2
[2018.09.13-11.30.54:987][341]LogShaderCompilers: Display: Shaders left to compile 1
[2018.09.13-11.30.55:881][390]MaterialEditorStats: Base pass shader: 101 instructions
[2018.09.13-11.30.55:881][390]MaterialEditorStats: Base pass shader with Volumetric Lightmap: 174 instructions
[2018.09.13-11.30.55:881][390]MaterialEditorStats: Base pass vertex shader: 32 instructions
[2018.09.13-11.30.55:881][390]MaterialEditorStats: Texture samplers: 3/16
[2018.09.13-11.31.07:012][ 53]LogMaterial: Display: Missing cached shader map for material defaultMat, compiling. 
[2018.09.13-11.31.07:025][ 53]LogShaderCompilers: Display: Shaders left to compile 21
[2018.09.13-11.31.07:025][ 53]LogShaderCompilers: Display: Shaders left to compile 20
[2018.09.13-11.31.07:025][ 53]LogShaderCompilers: Display: Shaders left to compile 19
[2018.09.13-11.31.07:025][ 53]LogShaderCompilers: Display: Shaders left to compile 18
[2018.09.13-11.31.07:025][ 53]LogMaterial: Display: Missing cached shader map for material FMatExpressionPreview MaterialExpressionTextureSample_0, compiling. 
[2018.09.13-11.31.07:387][ 68]LogShaderCompilers: Display: Shaders left to compile 17
[2018.09.13-11.31.07:443][ 71]LogShaderCompilers: Display: Shaders left to compile 16
[2018.09.13-11.31.07:482][ 73]LogShaderCompilers: Display: Shaders left to compile 15
[2018.09.13-11.31.07:500][ 74]LogShaderCompilers: Display: Shaders left to compile 14
[2018.09.13-11.31.07:705][ 84]LogShaderCompilers: Display: Shaders left to compile 13
[2018.09.13-11.31.07:742][ 86]LogShaderCompilers: Display: Shaders left to compile 12
[2018.09.13-11.31.07:760][ 87]LogShaderCompilers: Display: Shaders left to compile 11
[2018.09.13-11.31.07:814][ 90]LogShaderCompilers: Display: Shaders left to compile 10
[2018.09.13-11.31.07:971][ 99]LogShaderCompilers: Display: Shaders left to compile 9
[2018.09.13-11.31.08:285][114]LogShaderCompilers: Display: Shaders left to compile 8
[2018.09.13-11.31.08:609][130]LogShaderCompilers: Display: Shaders left to compile 7
[2018.09.13-11.31.08:610][130]LogShaderCompilers: Display: Shaders left to compile 6
[2018.09.13-11.31.08:836][142]LogShaderCompilers: Display: Shaders left to compile 5
[2018.09.13-11.31.09:101][155]LogShaderCompilers: Display: Shaders left to compile 4
[2018.09.13-11.31.09:125][156]LogShaderCompilers: Display: Shaders left to compile 3
[2018.09.13-11.31.09:498][170]LogShaderCompilers: Display: Shaders left to compile 2
[2018.09.13-11.31.09:530][171]LogShaderCompilers: Display: Shaders left to compile 1
[2018.09.13-11.31.11:088][238]LogSlate: Window 'defaultMat*' being destroyed
[2018.09.13-11.31.11:091][238]MaterialEditorStats: Base pass shader: 101 instructions
[2018.09.13-11.31.11:091][238]MaterialEditorStats: Base pass shader with Volumetric Lightmap: 174 instructions
[2018.09.13-11.31.11:091][238]MaterialEditorStats: Base pass vertex shader: 32 instructions
[2018.09.13-11.31.11:092][238]MaterialEditorStats: Texture samplers: 3/16
[2018.09.13-11.31.20:436][796]LogMaterial: Display: Missing cached shader map for material defaultMat, compiling. 
[2018.09.13-11.31.20:450][796]LogShaderCompilers: Display: Shaders left to compile 21
[2018.09.13-11.31.20:450][796]LogShaderCompilers: Display: Shaders left to compile 20
[2018.09.13-11.31.20:450][796]LogShaderCompilers: Display: Shaders left to compile 19
[2018.09.13-11.31.20:450][796]LogShaderCompilers: Display: Shaders left to compile 18
[2018.09.13-11.31.20:453][796]LogMaterial: Display: Missing cached shader map for material FMatExpressionPreview MaterialExpressionTextureSample_0, compiling. 
[2018.09.13-11.31.20:482][796]LogMaterial: Display: Missing cached shader map for material defaultMat, compiling. 
[2018.09.13-11.31.20:773][813]LogShaderCompilers: Display: Shaders left to compile 23
[2018.09.13-11.31.20:804][815]LogShaderCompilers: Display: Shaders left to compile 22
[2018.09.13-11.31.20:819][816]LogShaderCompilers: Display: Shaders left to compile 21
[2018.09.13-11.31.20:836][817]LogShaderCompilers: Display: Shaders left to compile 20
[2018.09.13-11.31.21:140][835]LogShaderCompilers: Display: Shaders left to compile 19
[2018.09.13-11.31.21:156][836]LogShaderCompilers: Display: Shaders left to compile 18
[2018.09.13-11.31.21:170][837]LogShaderCompilers: Display: Shaders left to compile 17
[2018.09.13-11.31.21:219][840]LogShaderCompilers: Display: Shaders left to compile 16
[2018.09.13-11.31.21:404][851]LogShaderCompilers: Display: Shaders left to compile 15
[2018.09.13-11.31.21:420][852]LogShaderCompilers: Display: Shaders left to compile 14
[2018.09.13-11.31.21:453][854]LogShaderCompilers: Display: Shaders left to compile 13
[2018.09.13-11.31.21:469][855]LogShaderCompilers: Display: Shaders left to compile 12
[2018.09.13-11.31.21:589][862]LogShaderCompilers: Display: Shaders left to compile 11
[2018.09.13-11.31.21:621][864]LogShaderCompilers: Display: Shaders left to compile 10
[2018.09.13-11.31.21:674][867]LogShaderCompilers: Display: Shaders left to compile 9
[2018.09.13-11.31.21:960][884]LogShaderCompilers: Display: Shaders left to compile 8
[2018.09.13-11.31.21:992][886]LogShaderCompilers: Display: Shaders left to compile 7
[2018.09.13-11.31.22:159][896]LogShaderCompilers: Display: Shaders left to compile 6
[2018.09.13-11.31.22:211][899]LogShaderCompilers: Display: Shaders left to compile 5
[2018.09.13-11.31.22:306][905]LogShaderCompilers: Display: Shaders left to compile 4
[2018.09.13-11.31.22:509][917]LogShaderCompilers: Display: Shaders left to compile 3
[2018.09.13-11.31.22:640][925]LogShaderCompilers: Display: Shaders left to compile 2
[2018.09.13-11.31.22:723][930]LogShaderCompilers: Display: Shaders left to compile 1
[2018.09.13-11.31.23:307][964]LogMaterial: Display: Missing cached shader map for material defaultMat, compiling. 
[2018.09.13-11.31.23:325][964]LogShaderCompilers: Display: Shaders left to compile 21
[2018.09.13-11.31.23:326][964]LogShaderCompilers: Display: Shaders left to compile 20
[2018.09.13-11.31.23:326][964]LogShaderCompilers: Display: Shaders left to compile 19
[2018.09.13-11.31.23:326][964]LogShaderCompilers: Display: Shaders left to compile 18
[2018.09.13-11.31.23:329][964]LogMaterial: Display: Missing cached shader map for material FMatExpressionPreview MaterialExpressionTextureSample_0, compiling. 
[2018.09.13-11.31.23:623][980]LogShaderCompilers: Display: Shaders left to compile 19
[2018.09.13-11.31.23:655][982]LogShaderCompilers: Display: Shaders left to compile 18
[2018.09.13-11.31.23:672][983]LogShaderCompilers: Display: Shaders left to compile 17
[2018.09.13-11.31.23:672][983]LogShaderCompilers: Display: Shaders left to compile 16
[2018.09.13-11.31.23:816][988]LogShaderCompilers: Display: Shaders left to compile 15
[2018.09.13-11.31.23:893][994]LogShaderCompilers: Display: Shaders left to compile 14
[2018.09.13-11.31.23:913][994]LogShaderCompilers: Display: Shaders left to compile 13
[2018.09.13-11.31.23:913][994]LogShaderCompilers: Display: Shaders left to compile 12
[2018.09.13-11.31.24:042][  3]LogShaderCompilers: Display: Shaders left to compile 11
[2018.09.13-11.31.24:267][ 15]LogShaderCompilers: Display: Shaders left to compile 10
[2018.09.13-11.31.24:457][ 27]LogShaderCompilers: Display: Shaders left to compile 9
[2018.09.13-11.31.24:536][ 31]LogShaderCompilers: Display: Shaders left to compile 8
[2018.09.13-11.31.24:638][ 36]LogShaderCompilers: Display: Shaders left to compile 7
[2018.09.13-11.31.24:788][ 46]LogShaderCompilers: Display: Shaders left to compile 6
[2018.09.13-11.31.24:856][ 50]LogShaderCompilers: Display: Shaders left to compile 5
[2018.09.13-11.31.25:160][ 67]LogShaderCompilers: Display: Shaders left to compile 4
[2018.09.13-11.31.25:175][ 68]LogShaderCompilers: Display: Shaders left to compile 3
[2018.09.13-11.31.25:359][ 79]LogShaderCompilers: Display: Shaders left to compile 2
[2018.09.13-11.31.25:426][ 83]LogShaderCompilers: Display: Shaders left to compile 1
[2018.09.13-11.31.25:699][ 99]MaterialEditorStats: Base pass shader: 102 instructions
[2018.09.13-11.31.25:700][ 99]MaterialEditorStats: Base pass shader with Volumetric Lightmap: 175 instructions
[2018.09.13-11.31.25:700][ 99]MaterialEditorStats: Base pass vertex shader: 36 instructions
[2018.09.13-11.31.25:700][ 99]MaterialEditorStats: Texture samplers: 4/16
[2018.09.13-11.31.25:700][ 99]MaterialEditorStats: Texture Lookups (Est.): VS(0), PS(1)
[2018.09.13-11.31.25:700][ 99]MaterialEditorStats: User interpolators: 2/4 Scalars (1/4 Vectors) (TexCoords: 2, Custom: 0)
[2018.09.13-11.31.28:119][244]LogMaterialEditor: Saving and Compiling material defaultMat
[2018.09.13-11.31.29:605][244]LogMaterial: Display: Missing cached shader map for material defaultMat, compiling. 
[2018.09.13-11.31.29:648][244]LogShaderCompilers: Display: Shaders left to compile 21
[2018.09.13-11.31.29:649][244]LogShaderCompilers: Display: Shaders left to compile 20
[2018.09.13-11.31.29:649][244]LogShaderCompilers: Display: Shaders left to compile 19
[2018.09.13-11.31.29:649][244]LogShaderCompilers: Display: Shaders left to compile 18
[2018.09.13-11.31.29:671][244]LogMaterial: Display: Missing cached shader map for material defaultMat, compiling. 
[2018.09.13-11.31.29:692][244]LogMaterial: Display: Missing cached shader map for material defaultMat, compiling. 
[2018.09.13-11.31.29:738][244]LogMaterial: Display: Missing cached shader map for material FDebugViewModeMaterialProxy defaultMat, compiling. 
[2018.09.13-11.31.31:190][244]LogShaderCompilers: Display: Shaders left to compile 40
[2018.09.13-11.31.31:191][244]LogShaderCompilers: Display: Shaders left to compile 39
[2018.09.13-11.31.31:191][244]LogShaderCompilers: Display: Shaders left to compile 38
[2018.09.13-11.31.31:191][244]LogShaderCompilers: Display: Shaders left to compile 37
[2018.09.13-11.31.31:191][244]LogShaderCompilers: Display: Shaders left to compile 36
[2018.09.13-11.31.31:191][244]LogShaderCompilers: Display: Shaders left to compile 35
[2018.09.13-11.31.31:191][244]LogShaderCompilers: Display: Shaders left to compile 34
[2018.09.13-11.31.31:191][244]LogShaderCompilers: Display: Shaders left to compile 33
[2018.09.13-11.31.31:191][244]LogShaderCompilers: Display: Shaders left to compile 32
[2018.09.13-11.31.31:191][244]LogShaderCompilers: Display: Shaders left to compile 31
[2018.09.13-11.31.31:191][244]LogShaderCompilers: Display: Shaders left to compile 30
[2018.09.13-11.31.31:191][244]LogShaderCompilers: Display: Shaders left to compile 29
[2018.09.13-11.31.31:191][244]LogShaderCompilers: Display: Shaders left to compile 28
[2018.09.13-11.31.31:191][244]LogShaderCompilers: Display: Shaders left to compile 27
[2018.09.13-11.31.31:191][244]LogShaderCompilers: Display: Shaders left to compile 26
[2018.09.13-11.31.31:191][244]LogShaderCompilers: Display: Shaders left to compile 25
[2018.09.13-11.31.31:191][244]LogShaderCompilers: Display: Shaders left to compile 24
[2018.09.13-11.31.31:191][244]LogShaderCompilers: Display: Shaders left to compile 23
[2018.09.13-11.31.31:191][244]LogShaderCompilers: Display: Shaders left to compile 22
[2018.09.13-11.31.31:191][244]LogShaderCompilers: Display: Shaders left to compile 12
[2018.09.13-11.31.31:191][244]LogShaderCompilers: Display: Shaders left to compile 2
[2018.09.13-11.31.31:193][244]TextureStreamingBuild: Display: Compiling optional shaders took 1.464 seconds.
[2018.09.13-11.31.33:635][244]Cmd: OBJ SAVEPACKAGE PACKAGE="/Game/Main/Object/defaultMat" FILE="../../../../../../Puticon/Content/Main/Object/defaultMat.uasset" SILENT=true
[2018.09.13-11.31.33:656][244]LogSavePackage: Moving '../../../../../../Puticon/Saved/defaultMat4BF0F4A44435D1EB5B2D7F9A6EAFFE55.tmp' to '../../../../../../Puticon/Content/Main/Object/defaultMat.uasset'
[2018.09.13-11.32.00:060][482]LogSlate: Window 'メッセージ' being destroyed
[2018.09.13-11.32.23:574][113]LogSlate: Window 'Puti - Unreal Editor' being destroyed
[2018.09.13-11.32.23:581][113]LogWindowsTextInputMethodSystem: Display: IME system now activated using TSF (Microsoft IME).
[2018.09.13-11.32.23:837][114]Cmd: QUIT_EDITOR
[2018.09.13-11.32.23:898][114]LogExit: Preparing to exit.
